time="2021-10-31T10:45:56+08:00" level=info DataSize=871 Duration="29 ms" HostName=YOGA Ip="::1" Method=GET Path=/api/v1/articles Status=200 UserAgent=PostmanRuntime/7.28.2
"2021-08-02T19:38:56+08:00" level=info DataSize=66 Duration="0 ms" HostName=YOGA Ip="::1" Method=POST Path=/api/v1/user Status=200 UserAgent=PostmanRuntime/7.28.2
28.2
2
time="2021-08-02T16:57:00+08:00" level=info DataSize=193 Duration="85 ms" HostName=YOGA Ip="::1" Method=POST Path=/api/v1/login Status=200 UserAgent=PostmanRuntime/7.28.2
time="2021-08-02T16:57:35+08:00" level=info DataSize=193 Duration="77 ms" HostName=YOGA Ip="::1" Method=POST Path=/api/v1/login Status=200 UserAgent=PostmanRuntime/7.28.2
time="2021-08-02T17:02:29+08:00" level=info DataSize=861 Duration="24 ms" HostName=YOGA Ip="::1" Method=GET Path=/api/v1/articles Status=200 UserAgent=PostmanRuntime/7.28.2
time="2021-08-02T17:17:45+08:00" level=info DataSize=193 Duration="87 ms" HostName=YOGA Ip="::1" Method=POST Path=/api/v1/login Status=200 UserAgent=PostmanRuntime/7.28.2
time="2021-08-02T17:18:35+08:00" level=info DataSize=193 Duration="85 ms" HostName=YOGA Ip="::1" Method=POST Path=/api/v1/login Status=200 UserAgent=PostmanRuntime/7.28.2
time="2021-08-02T17:19:14+08:00" level=info DataSize=193 Duration="77 ms" HostName=YOGA Ip="::1" Method=POST Path=/api/v1/login Status=200 UserAgent=PostmanRuntime/7.28.2
time="2021-08-02T17:21:39+08:00" level=info DataSize=193 Duration="81 ms" HostName=YOGA Ip="::1" Method=POST Path=/api/v1/login Status=200 UserAgent=PostmanRuntime/7.28.2
time="2021-08-02T17:22:34+08:00" level=info DataSize=193 Duration="76 ms" HostName=YOGA Ip="::1" Method=POST Path=/api/v1/login Status=200 UserAgent=PostmanRuntime/7.28.2
time="2021-08-02T17:24:23+08:00" level=info DataSize=193 Duration="81 ms" HostName=YOGA Ip="::1" Method=POST Path=/api/v1/login Status=200 UserAgent=PostmanRuntime/7.28.2
time="2021-08-02T17:25:26+08:00" level=info DataSize=193 Duration="80 ms" HostName=YOGA Ip="::1" Method=POST Path=/api/v1/login Status=200 UserAgent=PostmanRuntime/7.28.2
time="2021-08-02T17:25:54+08:00" level=info DataSize=193 Duration="78 ms" HostName=YOGA Ip="::1" Method=POST Path=/api/v1/login Status=200 UserAgent=PostmanRuntime/7.28.2
time="2021-08-02T19:15:33+08:00" level=info DataSize=193 Duration="88 ms" HostName=YOGA Ip="::1" Method=POST Path=/api/v1/login Status=200 UserAgent=PostmanRuntime/7.28.2
time="2021-08-02T19:16:02+08:00" level=info DataSize=193 Duration="85 ms" HostName=YOGA Ip="::1" Method=POST Path=/api/v1/login Status=200 UserAgent=PostmanRuntime/7.28.2
time="2021-08-02T19:16:20+08:00" level=info DataSize=193 Duration="84 ms" HostName=YOGA Ip="::1" Method=POST Path=/api/v1/login Status=200 UserAgent=PostmanRuntime/7.28.2
time="2021-08-02T19:17:17+08:00" level=info DataSize=193 Duration="78 ms" HostName=YOGA Ip="::1" Method=POST Path=/api/v1/login Status=200 UserAgent=PostmanRuntime/7.28.2
time="2021-08-02T19:23:06+08:00" level=error DataSize=0 Duration="2 ms" HostName=YOGA Ip="::1" Method=POST Path=/api/v1/upload Status=500 UserAgent=PostmanRuntime/7.28.2
time="2021-08-02T19:23:43+08:00" level=error DataSize=0 Duration="1 ms" HostName=YOGA Ip="::1" Method=POST Path=/api/v1/upload Status=500 UserAgent=PostmanRuntime/7.28.2
time="2021-08-02T19:25:44+08:00" level=info DataSize=193 Duration="87 ms" HostName=YOGA Ip="::1" Method=POST Path=/api/v1/login Status=200 UserAgent=PostmanRuntime/7.28.2
time="2021-08-02T19:26:56+08:00" level=info DataSize=193 Duration="89 ms" HostName=YOGA Ip="::1" Method=POST Path=/api/v1/login Status=200 UserAgent=PostmanRuntime/7.28.2
time="2021-08-02T19:27:16+08:00" level=info DataSize=102 Duration="545 ms" HostName=YOGA Ip="::1" Method=POST Path=/api/v1/upload Status=200 UserAgent=PostmanRuntime/7.28.2
